2021-04-23 02:22:47 DEBUG Creo menu
2021-04-23 02:22:47 DEBUG Creo menu
2021-04-23 02:22:47 DEBUG Corro el programa
2021-04-23 02:23:51 DEBUG Creo menu
2021-04-23 02:23:51 DEBUG Creo menu
2021-04-23 02:23:51 DEBUG Corro el programa
2021-04-23 02:24:04 DEBUG bien
2021-04-23 02:24:14 DEBUG bien
2021-04-23 02:30:49 DEBUG Creo menu
2021-04-23 02:30:49 DEBUG Creo menu
2021-04-23 02:30:49 DEBUG Corro el programa
2021-04-23 02:30:58 DEBUG bien
2021-04-23 02:31:10 DEBUG bien
2021-04-23 02:32:47 DEBUG Creo menu
2021-04-23 02:32:47 DEBUG Corro el programa 1
2021-04-23 02:32:59 DEBUG Creo menu
2021-04-23 02:32:59 DEBUG Corro el programa 2
2021-04-23 02:33:10 DEBUG bien
2021-04-23 02:33:21 DEBUG bien
2021-04-23 02:33:39 DEBUG puntos 35-40
2021-04-23 02:33:41 DEBUG puntos 380-142
2021-04-23 02:33:43 DEBUG puntos 246-111
2021-04-23 02:33:44 DEBUG puntos 385-109
2021-04-23 02:33:45 DEBUG puntos 370-109
2021-04-23 02:33:45 DEBUG puntos 364-111
2021-04-23 02:33:45 DEBUG puntos 359-111
2021-04-23 02:33:46 DEBUG puntos 62-294
2021-04-23 02:33:47 DEBUG puntos 23-211
2021-04-23 02:33:48 DEBUG puntos 23-94
2021-04-23 02:33:49 DEBUG puntos 36-346
2021-04-23 02:33:50 DEBUG puntos 47-346
2021-04-23 02:33:50 DEBUG puntos 47-346
2021-04-23 02:33:51 DEBUG puntos 47-346
2021-04-23 02:33:51 DEBUG puntos 365-346
2021-04-23 02:33:52 DEBUG puntos 34-340
2021-04-23 02:33:53 DEBUG puntos 381-362
2021-04-23 02:33:54 DEBUG puntos 375-362
2021-04-23 02:33:55 DEBUG puntos 275-331
2021-04-23 02:33:55 DEBUG puntos 240-348
2021-04-23 02:33:56 DEBUG puntos 256-325
2021-04-23 02:33:57 DEBUG puntos 130-323
2021-04-23 02:33:57 DEBUG puntos 130-323
2021-04-23 02:33:59 DEBUG puntos 39-355
2021-04-23 02:33:59 DEBUG puntos 39-355
2021-04-23 02:34:00 DEBUG puntos 39-355
2021-04-23 02:34:00 DEBUG puntos 326-352
2021-04-23 02:34:01 DEBUG puntos 264-151
2021-04-23 02:34:02 DEBUG puntos 114-153
2021-04-23 02:34:04 DEBUG puntos 124-164
2021-04-23 02:34:04 DEBUG puntos 124-164
2021-04-23 02:34:05 DEBUG puntos 275-158
2021-04-23 02:34:05 DEBUG puntos 275-158
2021-04-23 02:34:05 DEBUG puntos 275-158
2021-04-23 02:34:05 DEBUG puntos 275-158
2021-04-23 02:34:06 DEBUG puntos 275-158
2021-04-23 02:34:08 DEBUG puntos 388-133
2021-04-23 02:34:08 DEBUG puntos 388-133
2021-04-23 02:34:17 DEBUG bien
2021-04-23 02:34:28 DEBUG bien
2021-04-23 02:34:30 DEBUG puntos 196-330
2021-04-23 02:34:31 DEBUG puntos 196-330
2021-04-23 02:34:32 DEBUG puntos 339-360
2021-04-23 02:34:32 DEBUG puntos 352-360
2021-04-23 02:34:33 DEBUG puntos 352-360
2021-04-23 02:34:34 DEBUG puntos 354-304
2021-04-23 02:34:35 DEBUG puntos 277-155
2021-04-23 02:34:36 DEBUG puntos 277-155
2021-04-23 02:34:37 DEBUG puntos 117-148
2021-04-23 02:34:39 DEBUG puntos 349-105
2021-04-23 02:34:41 DEBUG puntos 45-49
2021-04-23 02:34:45 DEBUG puntos 359-352
2021-04-23 02:34:45 DEBUG puntos 358-356
2021-04-23 02:34:48 DEBUG puntos 359-98
2021-04-23 02:34:49 DEBUG puntos 158-353
2021-04-23 02:34:49 DEBUG puntos 158-353
2021-04-23 02:34:50 DEBUG puntos 54-380
2021-04-23 02:34:51 DEBUG puntos 239-3
2021-04-23 02:34:53 DEBUG puntos 286-1
2021-04-23 02:34:53 DEBUG puntos 293-3
2021-04-23 02:34:54 DEBUG puntos 293-3
2021-04-23 02:34:54 DEBUG puntos 293-3
2021-04-23 02:34:54 DEBUG puntos 293-3
2021-04-23 02:34:55 DEBUG puntos 293-3
2021-04-23 02:34:55 DEBUG puntos 293-3
2021-04-23 02:34:55 DEBUG puntos 293-3
2021-04-23 02:34:55 DEBUG puntos 293-3
2021-04-23 02:39:01 DEBUG Creo menu
2021-04-23 02:39:01 DEBUG Corro el programa 1
2021-04-23 02:39:06 DEBUG Creo menu
2021-04-23 02:39:06 DEBUG Corro el programa 2
2021-04-23 02:39:13 DEBUG bien
2021-04-23 02:39:22 DEBUG bien
2021-04-23 02:39:24 DEBUG puntos 47-46
2021-04-23 02:39:26 DEBUG puntos 164-144
2021-04-23 02:39:55 DEBUG puntos 303-160
2021-04-23 02:39:56 DEBUG puntos 198-216
2021-04-23 02:39:57 DEBUG puntos 172-259
2021-04-23 02:39:57 DEBUG puntos 188-149
2021-04-23 02:39:58 DEBUG puntos 167-239
2021-04-23 02:39:58 DEBUG puntos 160-310
2021-04-23 02:39:58 DEBUG puntos 160-310
2021-04-23 02:39:59 DEBUG puntos 163-291
2021-04-23 02:39:59 DEBUG puntos 168-261
2021-04-23 02:39:59 DEBUG puntos 168-222
2021-04-23 02:39:59 DEBUG puntos 167-186
2021-04-23 02:39:59 DEBUG puntos 161-154
2021-04-23 02:40:00 DEBUG puntos 146-123
2021-04-23 02:40:00 DEBUG puntos 123-103
2021-04-23 02:40:00 DEBUG puntos 256-127
2021-04-23 02:40:00 DEBUG puntos 398-241
2021-04-23 02:40:03 DEBUG puntos 175-249
2021-04-23 02:40:03 DEBUG puntos 272-251
2021-04-23 02:40:04 DEBUG puntos 293-197
2021-04-23 02:40:04 DEBUG puntos 297-215
2021-04-23 02:40:04 DEBUG puntos 206-143
2021-04-23 02:40:04 DEBUG puntos 197-138
2021-04-23 02:40:05 DEBUG puntos 192-141
2021-04-23 02:40:05 DEBUG puntos 124-97
2021-04-23 02:40:05 DEBUG puntos 84-67
2021-04-23 02:40:05 DEBUG puntos 78-61
2021-04-23 02:40:06 DEBUG puntos 353-133
2021-04-23 02:40:06 DEBUG puntos 343-90
2021-04-23 02:40:06 DEBUG puntos 353-62
2021-04-23 02:40:07 DEBUG puntos 340-54
2021-04-23 02:40:07 DEBUG puntos 334-64
2021-04-23 02:40:07 DEBUG puntos 328-78
2021-04-23 02:40:07 DEBUG puntos 328-78
2021-04-23 02:40:07 DEBUG puntos 293-185
2021-04-23 02:40:08 DEBUG puntos 207-244
2021-04-23 02:40:08 DEBUG puntos 134-178
2021-04-23 02:40:08 DEBUG puntos 120-145
2021-04-23 02:40:09 DEBUG puntos 96-211
2021-04-23 02:40:09 DEBUG puntos 84-270
2021-04-23 02:40:09 DEBUG puntos 75-318
2021-04-23 02:40:09 DEBUG puntos 61-355
2021-04-23 02:40:09 DEBUG puntos 60-358
2021-04-23 02:40:10 DEBUG puntos 65-359
2021-04-23 02:40:10 DEBUG puntos 65-359
2021-04-23 02:40:10 DEBUG puntos 186-333
2021-04-23 02:40:11 DEBUG puntos 176-355
2021-04-23 02:40:11 DEBUG puntos 181-353
2021-04-23 02:40:11 DEBUG puntos 184-349
2021-04-23 02:40:11 DEBUG puntos 191-368
2021-04-23 02:40:12 DEBUG puntos 265-378
2021-04-23 02:40:12 DEBUG puntos 300-392
2021-04-23 02:40:12 DEBUG puntos 381-387
2021-04-23 02:40:13 DEBUG puntos 381-387
2021-04-23 02:40:13 DEBUG puntos 381-387
2021-04-23 02:40:13 DEBUG puntos 375-341
2021-04-23 02:40:13 DEBUG puntos 341-180
2021-04-23 02:44:21 DEBUG Creo menu
2021-04-23 02:44:21 DEBUG Corro el programa 2
2021-04-23 02:44:31 DEBUG Creo menu
2021-04-23 02:44:31 DEBUG Corro el programa 1
2021-04-23 02:44:42 DEBUG bien
2021-04-23 02:44:42 DEBUG puntos 244-130
2021-04-23 02:44:50 DEBUG bien
2021-04-23 02:45:07 DEBUG puntos 45-72
2021-04-23 02:45:11 DEBUG puntos 92-92
2021-04-23 02:45:12 DEBUG puntos 222-217
2021-04-23 02:45:13 DEBUG puntos 227-183
2021-04-23 02:45:14 DEBUG puntos 198-217
2021-04-23 02:45:14 DEBUG puntos 265-222
2021-04-23 02:45:15 DEBUG puntos 300-149
2021-04-23 02:45:15 DEBUG puntos 321-143
2021-04-23 02:45:15 DEBUG puntos 344-125
2021-04-23 02:45:16 DEBUG puntos 368-100
2021-04-23 02:45:17 DEBUG puntos 330-87
2021-04-23 02:45:18 DEBUG puntos 238-57
2021-04-23 02:45:20 DEBUG puntos 225-44
2021-04-23 02:59:07 DEBUG Creo menu
2021-04-23 02:59:07 DEBUG Corro el programa 1
2021-04-23 02:59:15 DEBUG Creo menu
2021-04-23 02:59:16 DEBUG Corro el programa 2
2021-04-23 02:59:30 DEBUG bien
2021-04-23 02:59:46 DEBUG bien
2021-04-23 02:59:53 DEBUG puntos 61-31
2021-04-23 02:59:55 DEBUG puntos 328-42
2021-04-23 03:00:33 DEBUG puntos 280-145
2021-04-23 03:00:35 DEBUG puntos 131-142
2021-04-23 03:00:38 DEBUG puntos 120-345
2021-04-23 03:00:39 DEBUG puntos 244-340
2021-04-23 03:00:43 DEBUG puntos 41-125
2021-04-23 03:00:44 DEBUG puntos 377-171
2021-04-23 03:00:46 DEBUG puntos 1-49
2021-04-23 03:00:50 DEBUG puntos 197-326
2021-04-23 03:00:51 DEBUG puntos 209-209
2021-04-23 03:00:52 DEBUG puntos 206-151
2021-04-23 03:00:53 DEBUG puntos 209-155
2021-04-23 03:00:55 DEBUG puntos 14-274
2021-04-23 03:00:56 DEBUG puntos 55-373
2021-04-23 03:00:57 DEBUG puntos 52-394
2021-04-23 03:00:58 DEBUG puntos 60-0
2021-04-23 03:00:59 DEBUG puntos 222-68
2021-04-23 03:01:00 DEBUG puntos 179-28
2021-04-23 03:01:00 DEBUG puntos 185-49
2021-04-23 03:01:00 DEBUG puntos 219-129
2021-04-23 03:01:01 DEBUG puntos 212-172
2021-04-23 03:01:01 DEBUG puntos 194-214
2021-04-23 03:01:01 DEBUG puntos 215-271
2021-04-23 03:01:01 DEBUG puntos 174-264
2021-04-23 03:01:01 DEBUG puntos 220-287
2021-04-23 03:01:02 DEBUG puntos 314-269
2021-04-23 03:01:04 DEBUG puntos 339-232
2021-04-23 03:01:05 DEBUG puntos 340-230
2021-04-23 03:01:05 DEBUG puntos 343-230
2021-04-23 03:01:06 DEBUG puntos 343-226
2021-04-23 03:01:08 DEBUG puntos 67-260
2021-04-23 03:14:07 DEBUG Creo menu
2021-04-23 03:14:07 DEBUG Corro el programa 1
2021-04-23 03:14:12 DEBUG Creo menu
2021-04-23 03:14:12 DEBUG Corro el programa 2
2021-04-23 03:14:23 DEBUG bien
2021-04-23 03:14:23 DEBUG puntos 117-174
2021-04-23 03:14:24 DEBUG puntos 128-272
2021-04-23 03:14:41 DEBUG bien
2021-04-23 03:14:42 DEBUG puntos 210-121
2021-04-23 03:14:43 DEBUG puntos 100-220
2021-04-23 03:14:44 DEBUG puntos 315-196
2021-04-23 03:15:04 DEBUG puntos 311-224
2021-04-23 03:15:05 DEBUG puntos 208-219
2021-04-23 03:15:05 DEBUG puntos 151-187
2021-04-23 03:15:08 DEBUG puntos 238-231
2021-04-23 03:15:08 DEBUG puntos 175-228
2021-04-23 03:15:08 DEBUG puntos 170-125
2021-04-23 03:15:08 DEBUG puntos 158-215
2021-04-23 03:15:09 DEBUG puntos 167-165
2021-04-23 03:15:09 DEBUG puntos 181-207
2021-04-23 03:15:09 DEBUG puntos 172-255
2021-04-23 03:15:09 DEBUG puntos 196-152
2021-04-23 03:15:10 DEBUG puntos 119-320
2021-04-23 03:15:10 DEBUG puntos 147-153
2021-04-23 03:15:10 DEBUG puntos 165-58
2021-04-23 03:15:11 DEBUG puntos 165-162
2021-04-23 03:15:11 DEBUG puntos 158-201
2021-04-23 03:15:11 DEBUG puntos 199-79
2021-04-23 03:15:11 DEBUG puntos 288-79
2021-04-23 03:15:11 DEBUG puntos 262-113
2021-04-23 03:15:12 DEBUG puntos 163-216
2021-04-23 03:15:12 DEBUG puntos 136-301
2021-04-23 03:15:12 DEBUG puntos 216-322
2021-04-23 03:15:12 DEBUG puntos 228-370
2021-04-23 03:24:55 DEBUG Creo menu
2021-04-23 03:24:55 DEBUG Corro el programa 2
2021-04-23 03:25:00 DEBUG Creo menu
2021-04-23 03:25:01 DEBUG Corro el programa 1
2021-04-23 03:25:02 DEBUG puntos 215-72
2021-04-23 03:25:03 DEBUG puntos 89-65
2021-04-23 03:25:03 DEBUG puntos 87-66
2021-04-23 03:25:03 DEBUG puntos 109-217
2021-04-23 03:35:38 DEBUG Creo menu
2021-04-23 03:35:38 DEBUG Corro el programa 1
2021-04-23 03:36:05 DEBUG bien
2021-04-23 03:36:34 DEBUG Creo menu
2021-04-23 03:36:34 DEBUG Corro el programa 2
2021-04-23 03:41:34 DEBUG puntos 272-59
2021-04-23 03:56:54 DEBUG Creo menu
2021-04-23 03:56:54 DEBUG Corro el programa 1
2021-04-23 04:09:20 DEBUG Creo menu
2021-04-23 04:09:20 DEBUG Creo menu
2021-04-23 04:09:20 DEBUG Corro el programa 1
2021-04-23 04:09:26 DEBUG puntos 209-124
2021-04-23 04:09:26 DEBUG puntos 227-134
2021-04-23 04:23:04 DEBUG Creo menu
2021-04-23 04:23:04 DEBUG Corro el programa 2
2021-04-23 04:23:13 DEBUG Creo menu
2021-04-23 04:23:13 DEBUG Corro el programa 1
2021-04-23 04:23:22 DEBUG puntos 152-20
2021-04-23 04:44:51 DEBUG Creo menu
2021-04-23 04:44:51 DEBUG Corro el programa 1
2021-04-23 04:44:58 DEBUG Creo menu
2021-04-23 04:44:58 DEBUG Corro el programa 2
2021-04-23 04:46:16 DEBUG Creo menu
2021-04-23 04:46:16 DEBUG Corro el programa 2
2021-04-23 04:56:07 DEBUG Creo menu
2021-04-23 04:56:07 DEBUG Corro el programa 1
2021-04-23 04:56:17 DEBUG Creo menu
2021-04-23 04:56:17 DEBUG Corro el programa 2
2021-04-23 04:56:22 DEBUG Servidor on
2021-04-23 04:56:35 DEBUG Cliente on
2021-04-23 04:56:44 DEBUG puntos 140-167
2021-04-23 04:56:45 DEBUG puntos 252-124
2021-04-23 04:56:47 DEBUG puntos 240-233
2021-04-23 04:58:12 DEBUG Creo menu
2021-04-23 04:58:12 DEBUG Corro el programa 1
2021-04-23 04:58:20 DEBUG Creo menu
2021-04-23 04:58:20 DEBUG Corro el programa 2
2021-04-23 04:58:38 DEBUG Servidor on
2021-04-23 04:58:38 DEBUG Cliente on
2021-04-23 04:58:38 DEBUG Servidor on
2021-04-23 05:33:35 DEBUG Creo menu
2021-04-23 05:33:35 DEBUG Corro el programa 1
2021-04-23 05:33:44 DEBUG Creo menu
2021-04-23 05:33:44 DEBUG Corro el programa 2
2021-04-23 05:34:03 DEBUG bien
2021-04-23 05:34:04 DEBUG puntos 23-1
2021-04-23 05:34:15 DEBUG bien
2021-04-23 05:34:33 DEBUG Servidor on
2021-04-23 05:34:33 DEBUG Cliente on
2021-04-23 05:34:33 DEBUG Servidor on
2021-04-23 05:35:45 DEBUG puntos 202-223
2021-04-23 05:35:45 DEBUG puntos 202-223
2021-04-23 05:35:48 DEBUG puntos 197-314
2021-04-23 05:36:10 DEBUG puntos 202-306
2021-04-23 05:36:39 DEBUG puntos 37-319
2021-04-23 05:36:41 DEBUG puntos 352-323
2021-04-23 05:36:44 DEBUG puntos 45-356
2021-04-23 05:36:46 DEBUG puntos 25-314
2021-04-23 05:36:47 DEBUG puntos 341-340
2021-04-23 05:36:48 DEBUG puntos 374-281
2021-04-23 05:36:49 DEBUG puntos 394-200
2021-04-23 05:36:50 DEBUG puntos 374-328
2021-04-23 05:36:52 DEBUG puntos 21-363
2021-04-23 05:36:52 DEBUG puntos 26-342
2021-04-23 05:36:53 DEBUG puntos 15-318
2021-04-23 05:36:53 DEBUG puntos 49-33
2021-04-23 05:36:55 DEBUG puntos 20-29
2021-04-23 05:38:26 DEBUG puntos 337-77
2021-04-23 05:38:30 DEBUG puntos 371-74
2021-04-23 05:38:32 DEBUG puntos 271-155
2021-04-23 05:39:02 DEBUG puntos 132-151
2021-04-23 05:39:07 DEBUG puntos 288-168
2021-04-23 05:39:08 DEBUG puntos 287-171
2021-04-23 05:39:09 DEBUG puntos 139-150
2021-04-23 05:39:09 DEBUG puntos 132-150
2021-04-23 05:39:11 DEBUG puntos 287-160
2021-04-23 05:39:11 DEBUG puntos 283-159
2021-04-23 05:39:12 DEBUG puntos 283-159
2021-04-23 05:39:13 DEBUG puntos 266-158
2021-04-23 05:39:13 DEBUG puntos 264-153
2021-04-23 05:39:13 DEBUG puntos 268-149
2021-04-23 05:39:14 DEBUG puntos 122-146
2021-04-23 05:39:14 DEBUG puntos 113-152
2021-04-23 05:39:15 DEBUG puntos 113-152
2021-04-23 05:39:15 DEBUG puntos 113-152
2021-04-23 05:39:15 DEBUG puntos 113-152
2021-04-23 05:39:15 DEBUG puntos 113-152
2021-04-23 05:39:16 DEBUG puntos 113-152
2021-04-23 05:39:16 DEBUG puntos 113-152
2021-04-23 05:39:16 DEBUG puntos 113-152
2021-04-23 05:39:17 DEBUG puntos 38-116
2021-04-23 05:39:17 DEBUG puntos 110-309
2021-04-23 05:39:18 DEBUG puntos 151-248
2021-04-23 05:39:18 DEBUG puntos 189-225
2021-04-23 05:39:18 DEBUG puntos 226-232
2021-04-23 05:39:19 DEBUG puntos 211-243
2021-04-23 05:39:19 DEBUG puntos 202-245
2021-04-23 05:39:19 DEBUG puntos 165-248
2021-04-23 05:39:19 DEBUG puntos 168-267
2021-04-23 05:39:20 DEBUG puntos 184-261
2021-04-23 05:39:20 DEBUG puntos 212-232
2021-04-23 05:39:20 DEBUG puntos 322-278
2021-04-23 05:39:20 DEBUG puntos 298-272
2021-04-23 05:39:20 DEBUG puntos 284-240
2021-04-23 05:39:21 DEBUG puntos 296-197
2021-04-23 05:39:21 DEBUG puntos 302-195
2021-04-23 05:39:21 DEBUG puntos 257-224
2021-04-23 05:39:21 DEBUG puntos 247-211
2021-04-23 05:39:22 DEBUG puntos 240-214
2021-04-23 05:39:22 DEBUG puntos 224-218
2021-04-23 05:39:22 DEBUG puntos 212-213
2021-04-23 05:39:22 DEBUG puntos 208-210
2021-04-23 05:39:23 DEBUG puntos 208-210
2021-04-23 05:39:24 DEBUG puntos 193-205
2021-04-23 05:39:24 DEBUG puntos 193-200
2021-04-23 05:39:25 DEBUG puntos 150-148
2021-04-23 05:39:26 DEBUG puntos 171-132
2021-04-23 05:39:26 DEBUG puntos 172-135
2021-04-23 05:39:26 DEBUG puntos 189-134
2021-04-23 05:39:26 DEBUG puntos 169-133
2021-04-23 05:39:27 DEBUG puntos 146-141
2021-04-23 05:39:27 DEBUG puntos 123-145
2021-04-23 05:39:27 DEBUG puntos 113-145
2021-04-23 05:39:28 DEBUG puntos 306-142
2021-04-23 05:39:28 DEBUG puntos 292-151
2021-04-23 05:39:28 DEBUG puntos 288-151
2021-04-23 05:39:28 DEBUG puntos 285-151
2021-04-23 05:39:29 DEBUG puntos 285-151
2021-04-23 05:39:29 DEBUG puntos 285-151
2021-04-23 05:39:29 DEBUG puntos 285-151
2021-04-23 05:39:29 DEBUG puntos 276-146
2021-04-23 05:39:31 DEBUG puntos 265-147
2021-04-23 05:39:32 DEBUG puntos 135-157
2021-04-23 05:39:36 DEBUG puntos 258-325
2021-04-23 05:39:37 DEBUG puntos 121-324
2021-04-23 05:39:37 DEBUG puntos 249-336
2021-04-23 05:39:39 DEBUG puntos 123-352
2021-04-23 05:39:39 DEBUG puntos 287-349
2021-04-23 05:39:40 DEBUG puntos 270-345
2021-04-23 05:40:37 DEBUG puntos 156-198
2021-04-23 05:44:02 DEBUG puntos 325-283
2021-04-23 05:44:02 DEBUG puntos 326-282
2021-04-23 05:44:03 DEBUG puntos 207-381
2021-04-23 05:44:04 DEBUG puntos 195-373
2021-04-23 05:44:08 DEBUG puntos 333-316
2021-04-23 05:44:09 DEBUG puntos 330-316
2021-04-23 05:44:09 DEBUG puntos 330-316
2021-04-23 05:44:09 DEBUG puntos 332-303
2021-04-23 05:44:09 DEBUG puntos 340-301
2021-04-23 05:44:10 DEBUG puntos 343-298
2021-04-23 05:44:10 DEBUG puntos 354-291
2021-04-23 05:44:11 DEBUG puntos 352-110
2021-04-23 05:44:11 DEBUG puntos 354-84
2021-04-23 05:44:11 DEBUG puntos 358-67
2021-04-23 05:44:12 DEBUG puntos 355-64
2021-04-23 05:44:13 DEBUG puntos 343-45
2021-04-23 05:44:13 DEBUG puntos 340-25
2021-04-23 05:44:13 DEBUG puntos 339-39
2021-04-23 05:44:14 DEBUG puntos 346-62
2021-04-23 05:44:14 DEBUG puntos 349-67
2021-04-23 05:44:14 DEBUG puntos 349-95
2021-04-23 05:44:14 DEBUG puntos 347-102
2021-04-23 05:44:15 DEBUG puntos 341-116
2021-04-23 05:44:15 DEBUG puntos 333-153
2021-04-23 05:44:15 DEBUG puntos 364-210
2021-04-23 05:44:15 DEBUG puntos 367-224
2021-04-23 05:44:15 DEBUG puntos 376-271
2021-04-23 05:44:16 DEBUG puntos 376-318
2021-04-23 05:44:16 DEBUG puntos 373-331
2021-04-23 05:44:16 DEBUG puntos 362-64
2021-04-23 05:44:17 DEBUG puntos 363-77
2021-04-23 05:44:17 DEBUG puntos 364-80
2021-04-23 05:44:17 DEBUG puntos 370-65
2021-04-23 05:44:19 DEBUG puntos 211-182
2021-04-23 05:44:19 DEBUG puntos 194-179
2021-04-23 05:44:19 DEBUG puntos 189-179
2021-04-23 05:44:20 DEBUG puntos 150-189
2021-04-23 05:44:20 DEBUG puntos 129-210
2021-04-23 05:44:20 DEBUG puntos 129-210
2021-04-23 05:44:20 DEBUG puntos 129-210
2021-04-23 05:44:21 DEBUG puntos 129-210
2021-04-23 05:44:21 DEBUG puntos 136-204
2021-04-23 05:44:21 DEBUG puntos 146-199
2021-04-23 05:44:21 DEBUG puntos 164-189
2021-04-23 05:44:21 DEBUG puntos 181-184
2021-04-23 05:44:22 DEBUG puntos 224-198
2021-04-23 05:44:22 DEBUG puntos 246-202
2021-04-23 05:44:22 DEBUG puntos 260-221
2021-04-23 05:44:22 DEBUG puntos 272-227
2021-04-23 05:44:22 DEBUG puntos 272-227
2021-04-23 07:09:45 DEBUG Creo menu
2021-04-23 07:09:45 DEBUG Corro el programa 2
2021-04-23 07:10:11 DEBUG Creo menu
2021-04-23 07:10:11 DEBUG Corro el programa 1
2021-04-23 07:10:19 DEBUG bien
2021-04-23 07:10:27 DEBUG bien
2021-04-23 07:10:40 DEBUG Servidor on
2021-04-23 07:10:40 DEBUG Cliente on
2021-04-23 07:10:40 DEBUG Servidor on
2021-04-23 07:10:42 DEBUG puntos 93-91
2021-04-23 07:10:42 DEBUG puntos 134-205
2021-04-23 07:10:43 DEBUG puntos 148-257
2021-04-23 07:10:43 DEBUG puntos 159-328
2021-04-23 07:10:43 DEBUG puntos 161-375
2021-04-23 07:10:44 DEBUG puntos 189-182
2021-04-23 07:10:44 DEBUG puntos 214-113
2021-04-23 07:10:45 DEBUG puntos 217-84
2021-04-23 07:10:45 DEBUG puntos 240-52
2021-04-23 07:10:45 DEBUG puntos 266-192
2021-04-23 07:10:45 DEBUG puntos 259-218
2021-04-23 07:10:45 DEBUG puntos 247-229
2021-04-23 07:10:46 DEBUG puntos 233-232
2021-04-23 07:10:46 DEBUG puntos 238-232
2021-04-23 07:10:46 DEBUG puntos 238-232
2021-04-23 07:10:46 DEBUG puntos 249-141
2021-04-23 07:10:46 DEBUG puntos 249-144
2021-04-23 07:10:47 DEBUG puntos 243-238
2021-04-23 07:11:11 DEBUG Creo menu
2021-04-23 07:11:11 DEBUG Corro el programa 1
2021-04-23 07:11:36 DEBUG Creo menu
2021-04-23 07:11:37 DEBUG Corro el programa 2
2021-04-23 07:11:45 DEBUG bien
2021-04-23 07:11:54 DEBUG bien
2021-04-23 07:12:04 DEBUG Servidor on
2021-04-23 07:12:04 DEBUG Cliente on
2021-04-23 07:12:04 DEBUG Servidor on
2021-04-23 07:12:06 DEBUG puntos 377-24
2021-04-23 07:12:08 DEBUG puntos 48-96
2021-04-23 07:12:09 DEBUG puntos 139-137
2021-04-23 07:12:11 DEBUG puntos 275-147
2021-04-23 07:12:27 DEBUG Creo menu
2021-04-23 07:12:27 DEBUG Corro el programa 2
2021-04-23 07:12:44 DEBUG Creo menu
2021-04-23 07:12:44 DEBUG Corro el programa 1
2021-04-23 07:12:51 DEBUG bien
2021-04-23 07:13:00 DEBUG bien
2021-04-23 07:13:02 DEBUG puntos 376-82
2021-04-23 07:13:02 DEBUG puntos 349-82
2021-04-23 07:13:03 DEBUG puntos 364-52
2021-04-23 07:13:03 DEBUG puntos 372-43
2021-04-23 07:13:04 DEBUG puntos 383-33
2021-04-23 07:14:41 DEBUG Creo menu
2021-04-23 07:14:41 DEBUG Corro el programa 1
2021-04-23 07:14:54 DEBUG Creo menu
2021-04-23 07:14:55 DEBUG Corro el programa 2
2021-04-23 07:15:02 DEBUG bien
2021-04-23 07:15:07 DEBUG bien
2021-04-23 07:15:13 DEBUG puntos 19-2
2021-04-23 07:15:51 DEBUG Creo menu
2021-04-23 07:15:51 DEBUG Corro el programa 2
2021-04-23 07:16:07 DEBUG Creo menu
2021-04-23 07:16:07 DEBUG Corro el programa 1
2021-04-23 07:16:13 DEBUG bien
2021-04-23 07:16:18 DEBUG bien
2021-04-23 07:16:32 DEBUG Servidor on
2021-04-23 07:16:32 DEBUG Cliente on
2021-04-23 07:16:32 DEBUG Servidor on
2021-04-23 07:16:33 DEBUG puntos 249-147
2021-04-23 07:16:33 DEBUG puntos 205-176
2021-04-23 07:16:34 DEBUG puntos 212-103
2021-04-23 07:16:37 DEBUG puntos 185-117
2021-04-23 07:16:37 DEBUG puntos 221-221
2021-04-23 07:16:38 DEBUG puntos 177-99
2021-04-23 07:16:38 DEBUG puntos 188-179
2021-04-23 07:16:38 DEBUG puntos 228-83
2021-04-23 07:16:38 DEBUG puntos 217-77
2021-04-23 07:16:39 DEBUG puntos 221-63
2021-04-23 07:16:39 DEBUG puntos 232-33
2021-04-23 07:34:04 DEBUG Creo menu
2021-04-23 07:34:04 DEBUG Corro el programa 2
2021-04-23 07:34:11 DEBUG Creo menu
2021-04-23 07:34:11 DEBUG Corro el programa 1
2021-04-23 07:34:25 DEBUG Servidor on
2021-04-23 07:34:25 DEBUG Cliente on
2021-04-23 07:34:25 DEBUG Servidor on
2021-04-23 07:34:26 DEBUG puntos 60-62
2021-04-23 07:34:27 DEBUG puntos 162-226
2021-04-23 07:34:27 DEBUG puntos 154-89
2021-04-23 07:34:27 DEBUG puntos 143-237
2021-04-23 07:42:49 DEBUG Creo menu
2021-04-23 07:42:49 DEBUG Corro el programa 1
2021-04-23 07:42:55 DEBUG Creo menu
2021-04-23 07:42:55 DEBUG Corro el programa 2
2021-04-23 07:44:38 DEBUG Creo menu
2021-04-23 07:44:38 DEBUG Corro el programa 1
2021-04-23 07:45:15 DEBUG Creo menu
2021-04-23 07:45:15 DEBUG Corro el programa 1
2021-04-23 07:45:19 DEBUG Server valida ok
2021-04-23 07:45:35 DEBUG Cliente valida ok
2021-04-23 07:45:35 DEBUG Servidor on
2021-04-23 07:45:35 DEBUG Cliente on
2021-04-23 07:45:35 DEBUG Servidor on
2021-04-23 07:46:35 DEBUG Cliente valida ok
2021-04-23 07:46:35 DEBUG Cliente on
2021-04-23 07:46:35 DEBUG Servidor on
2021-04-23 07:47:04 DEBUG Creo menu
2021-04-23 07:47:04 DEBUG Corro el programa 2
2021-04-23 07:47:12 DEBUG Cliente valida ok
2021-04-23 07:47:12 DEBUG Cliente on
2021-04-23 07:47:12 DEBUG Servidor on
2021-04-23 07:47:21 DEBUG puntos 140-204
2021-04-23 07:47:24 DEBUG puntos 265-259
2021-04-23 07:47:25 DEBUG puntos 210-170
2021-04-23 07:47:26 DEBUG puntos 155-153
2021-04-23 07:47:26 DEBUG puntos 155-153
2021-04-23 07:48:47 DEBUG Creo menu
2021-04-23 07:48:47 DEBUG Corro el programa 2
2021-04-23 07:48:54 DEBUG Creo menu
2021-04-23 07:48:54 DEBUG Corro el programa 1
2021-04-23 07:48:59 DEBUG Server valida ok
2021-04-23 07:49:34 DEBUG Creo menu
2021-04-23 07:49:34 DEBUG Corro el programa 1
2021-04-23 07:49:37 DEBUG Creo menu
2021-04-23 07:49:37 DEBUG Corro el programa 2
2021-04-23 07:49:45 DEBUG Server valida ok
2021-04-23 07:49:53 DEBUG Cliente valida ok
2021-04-23 07:49:53 DEBUG Servidor on
2021-04-23 07:49:53 DEBUG Cliente on
2021-04-23 07:49:53 DEBUG Servidor on
2021-04-23 07:49:54 DEBUG puntos 39-53
2021-04-23 07:49:54 DEBUG puntos 322-147
2021-04-23 07:49:55 DEBUG puntos 250-102
2021-04-23 07:49:55 DEBUG puntos 241-30
2021-04-23 07:49:56 DEBUG puntos 240-268
2021-04-23 07:49:56 DEBUG puntos 221-338
2021-04-23 07:49:56 DEBUG puntos 234-236
2021-04-23 07:49:57 DEBUG puntos 246-174
2021-04-23 07:49:57 DEBUG puntos 246-121
2021-04-23 07:49:57 DEBUG puntos 245-105
2021-04-23 07:49:57 DEBUG puntos 246-87
2021-04-23 07:49:58 DEBUG puntos 259-67
2021-04-23 07:49:58 DEBUG puntos 253-115
2021-04-23 07:49:58 DEBUG puntos 254-121
2021-04-23 07:49:58 DEBUG puntos 263-136
2021-04-23 07:49:59 DEBUG puntos 281-50
2021-04-23 07:49:59 DEBUG puntos 267-27
2021-04-23 07:49:59 DEBUG puntos 273-5
2021-04-23 07:50:00 DEBUG puntos 252-274
2021-04-23 07:50:00 DEBUG puntos 244-325
2021-04-23 07:50:00 DEBUG puntos 244-328
2021-04-23 07:50:01 DEBUG puntos 237-382
2021-04-23 07:50:01 DEBUG puntos 237-393
2021-04-23 07:50:02 DEBUG puntos 124-60
2021-04-23 07:50:02 DEBUG puntos 93-38
2021-04-23 07:50:03 DEBUG puntos 92-25
2021-04-23 07:50:03 DEBUG puntos 62-111
2021-04-23 07:50:03 DEBUG puntos 65-127
2021-04-23 07:50:04 DEBUG puntos 88-89
2021-04-23 07:50:04 DEBUG puntos 77-164
2021-04-23 07:50:04 DEBUG puntos 80-234
2021-04-23 07:50:05 DEBUG puntos 84-156
2021-04-23 07:50:05 DEBUG puntos 76-191
2021-04-23 07:50:05 DEBUG puntos 69-270
2021-04-23 07:50:05 DEBUG puntos 82-227
2021-04-23 07:50:06 DEBUG puntos 69-308
2021-04-23 07:50:06 DEBUG puntos 64-335
2021-04-23 07:50:06 DEBUG puntos 75-296
2021-04-23 07:50:07 DEBUG puntos 68-340
2021-04-23 07:50:07 DEBUG puntos 87-372
2021-04-23 07:50:08 DEBUG puntos 84-388
2021-04-23 08:13:55 DEBUG Creo menu
2021-04-23 08:13:55 DEBUG Corro el programa 1
2021-04-23 08:14:09 DEBUG Creo menu
2021-04-23 08:14:09 DEBUG Corro el programa 2
2021-04-23 08:14:20 DEBUG bien
2021-04-23 08:14:29 DEBUG bien
2021-04-23 08:14:35 DEBUG Server valida ok
2021-04-23 08:14:45 DEBUG Cliente valida ok
2021-04-23 08:14:45 DEBUG Servidor on
2021-04-23 08:14:45 DEBUG Cliente on
2021-04-23 08:14:45 DEBUG Servidor on
2021-04-23 08:15:02 DEBUG puntos 264-153
2021-04-23 08:15:02 DEBUG 264 x
2021-04-23 08:15:02 DEBUG 153 y
2021-04-23 08:15:04 DEBUG puntos 266-155
2021-04-23 08:15:04 DEBUG 266 x
2021-04-23 08:15:04 DEBUG 155 y
2021-04-23 08:15:05 DEBUG puntos 122-151
2021-04-23 08:15:05 DEBUG 122 x
2021-04-23 08:15:05 DEBUG 151 y
2021-04-23 08:15:08 DEBUG puntos 90-116
2021-04-23 08:15:08 DEBUG 90 x
2021-04-23 08:15:08 DEBUG 116 y
2021-04-23 08:15:09 DEBUG puntos 204-108
2021-04-23 08:15:09 DEBUG 204 x
2021-04-23 08:15:09 DEBUG 108 y
2021-04-23 08:15:10 DEBUG puntos 107-349
2021-04-23 08:15:10 DEBUG 107 x
2021-04-23 08:15:10 DEBUG 349 y
2021-04-23 08:15:11 DEBUG puntos 149-348
2021-04-23 08:15:11 DEBUG 149 x
2021-04-23 08:15:11 DEBUG 348 y
2021-04-23 08:15:12 DEBUG puntos 268-337
2021-04-23 08:15:12 DEBUG 268 x
2021-04-23 08:15:12 DEBUG 337 y
2021-04-23 08:15:13 DEBUG puntos 133-145
2021-04-23 08:15:13 DEBUG 133 x
2021-04-23 08:15:13 DEBUG 145 y
2021-04-23 08:15:31 DEBUG puntos 363-90
2021-04-23 08:15:31 DEBUG 363 x
2021-04-23 08:15:31 DEBUG 90 y
2021-04-23 08:15:34 DEBUG puntos 360-106
2021-04-23 08:15:34 DEBUG 360 x
2021-04-23 08:15:34 DEBUG 106 y
2021-04-23 08:15:35 DEBUG puntos 368-59
2021-04-23 08:15:35 DEBUG 368 x
2021-04-23 08:15:35 DEBUG 59 y
2021-04-23 08:15:36 DEBUG puntos 60-24
2021-04-23 08:15:36 DEBUG 60 x
2021-04-23 08:15:36 DEBUG 24 y
2021-04-23 08:15:37 DEBUG puntos 41-76
2021-04-23 08:15:37 DEBUG 41 x
2021-04-23 08:15:37 DEBUG 76 y
2021-04-23 08:16:07 DEBUG puntos 149-348
2021-04-23 08:16:07 DEBUG 149 x
2021-04-23 08:16:07 DEBUG 348 y
2021-04-23 08:16:08 DEBUG puntos 260-336
2021-04-23 08:16:08 DEBUG 260 x
2021-04-23 08:16:08 DEBUG 336 y
2021-04-23 08:16:09 DEBUG puntos 129-334
2021-04-23 08:16:09 DEBUG 129 x
2021-04-23 08:16:09 DEBUG 334 y
2021-04-23 08:16:12 DEBUG puntos 134-337
2021-04-23 08:16:12 DEBUG 134 x
2021-04-23 08:16:12 DEBUG 337 y
2021-04-23 23:51:25 DEBUG Creo menu
2021-04-23 23:51:25 DEBUG Corro el programa 1
2021-04-23 23:51:34 DEBUG Creo menu
2021-04-23 23:51:34 DEBUG Corro el programa 2
2021-04-23 23:51:47 DEBUG bien
2021-04-23 23:52:04 DEBUG bien
2021-04-23 23:52:09 DEBUG Server valida ok
2021-04-23 23:52:21 DEBUG Cliente valida ok
2021-04-23 23:52:21 DEBUG Servidor on
2021-04-23 23:52:21 DEBUG Cliente on
2021-04-23 23:52:21 DEBUG Servidor on
2021-04-23 23:52:24 DEBUG puntos 59-39
2021-04-23 23:52:24 DEBUG 59 x
2021-04-23 23:52:24 DEBUG 39 y
2021-04-23 23:52:25 DEBUG puntos 59-30
2021-04-23 23:52:25 DEBUG 59 x
2021-04-23 23:52:25 DEBUG 30 y
2021-04-23 23:52:26 DEBUG puntos 380-148
2021-04-23 23:52:26 DEBUG 380 x
2021-04-23 23:52:26 DEBUG 148 y
2021-04-23 23:52:27 DEBUG puntos 14-57
2021-04-23 23:52:27 DEBUG 14 x
2021-04-23 23:52:27 DEBUG 57 y
2021-04-23 23:52:28 DEBUG puntos 37-345
2021-04-23 23:52:28 DEBUG 37 x
2021-04-23 23:52:28 DEBUG 345 y
2021-04-23 23:52:30 DEBUG puntos 16-130
2021-04-23 23:52:30 DEBUG 16 x
2021-04-23 23:52:30 DEBUG 130 y
2021-04-23 23:52:30 DEBUG puntos 26-190
2021-04-23 23:52:30 DEBUG 26 x
2021-04-23 23:52:30 DEBUG 190 y
2021-04-23 23:52:31 DEBUG puntos 44-141
2021-04-23 23:52:31 DEBUG 44 x
2021-04-23 23:52:31 DEBUG 141 y
2021-04-23 23:52:31 DEBUG puntos 64-73
2021-04-23 23:52:31 DEBUG 64 x
2021-04-23 23:52:31 DEBUG 73 y
2021-04-23 23:52:31 DEBUG puntos 67-28
2021-04-23 23:52:31 DEBUG 67 x
2021-04-23 23:52:31 DEBUG 28 y
2021-04-23 23:52:32 DEBUG puntos 36-20
2021-04-23 23:52:32 DEBUG 36 x
2021-04-23 23:52:32 DEBUG 20 y
2021-04-23 23:52:33 DEBUG puntos 379-151
2021-04-23 23:52:33 DEBUG 379 x
2021-04-23 23:52:33 DEBUG 151 y
2021-04-23 23:52:33 DEBUG puntos 376-188
2021-04-23 23:52:33 DEBUG 376 x
2021-04-23 23:52:33 DEBUG 188 y
2021-04-23 23:52:33 DEBUG puntos 378-150
2021-04-23 23:52:33 DEBUG 378 x
2021-04-23 23:52:33 DEBUG 150 y
2021-04-23 23:52:34 DEBUG puntos 379-144
2021-04-23 23:52:34 DEBUG 379 x
2021-04-23 23:52:34 DEBUG 144 y
2021-04-23 23:52:34 DEBUG puntos 377-148
2021-04-23 23:52:34 DEBUG 377 x
2021-04-23 23:52:34 DEBUG 148 y
2021-04-23 23:52:36 DEBUG puntos 28-168
2021-04-23 23:52:36 DEBUG 28 x
2021-04-23 23:52:36 DEBUG 168 y
2021-04-23 23:52:36 DEBUG puntos 20-162
2021-04-23 23:52:36 DEBUG 20 x
2021-04-23 23:52:36 DEBUG 162 y
2021-04-23 23:52:37 DEBUG puntos 17-200
2021-04-23 23:52:37 DEBUG 17 x
2021-04-23 23:52:37 DEBUG 200 y
2021-04-23 23:52:37 DEBUG puntos 22-174
2021-04-23 23:52:37 DEBUG 22 x
2021-04-23 23:52:37 DEBUG 174 y
2021-04-23 23:52:37 DEBUG puntos 22-187
2021-04-23 23:52:37 DEBUG 22 x
2021-04-23 23:52:37 DEBUG 187 y
2021-04-23 23:52:37 DEBUG puntos 25-178
2021-04-23 23:52:37 DEBUG 25 x
2021-04-23 23:52:37 DEBUG 178 y
2021-04-23 23:52:38 DEBUG puntos 25-158
2021-04-23 23:52:38 DEBUG 25 x
2021-04-23 23:52:38 DEBUG 158 y
2021-04-23 23:52:38 DEBUG puntos 25-157
2021-04-23 23:52:38 DEBUG 25 x
2021-04-23 23:52:38 DEBUG 157 y
2021-04-23 23:52:51 DEBUG puntos 248-153
2021-04-23 23:52:51 DEBUG 248 x
2021-04-23 23:52:51 DEBUG 153 y
2021-04-23 23:52:52 DEBUG puntos 111-153
2021-04-23 23:52:52 DEBUG 111 x
2021-04-23 23:52:52 DEBUG 153 y
2021-04-23 23:52:54 DEBUG puntos 251-349
2021-04-23 23:52:54 DEBUG 251 x
2021-04-23 23:52:54 DEBUG 349 y
2021-04-23 23:52:55 DEBUG puntos 111-344
2021-04-23 23:52:55 DEBUG 111 x
2021-04-23 23:52:55 DEBUG 344 y
2021-04-23 23:52:56 DEBUG puntos 141-340
2021-04-23 23:52:56 DEBUG 141 x
2021-04-23 23:52:56 DEBUG 340 y
2021-04-23 23:52:57 DEBUG puntos 265-348
2021-04-23 23:52:57 DEBUG 265 x
2021-04-23 23:52:57 DEBUG 348 y
2021-04-23 23:52:58 DEBUG puntos 257-150
2021-04-23 23:52:58 DEBUG 257 x
2021-04-23 23:52:58 DEBUG 150 y
2021-04-23 23:53:01 DEBUG puntos 149-163
2021-04-23 23:53:01 DEBUG 149 x
2021-04-23 23:53:01 DEBUG 163 y
2021-04-23 23:53:02 DEBUG puntos 259-148
2021-04-23 23:53:02 DEBUG 259 x
2021-04-23 23:53:02 DEBUG 148 y
2021-04-23 23:53:04 DEBUG puntos 48-31
2021-04-23 23:53:04 DEBUG 48 x
2021-04-23 23:53:04 DEBUG 31 y
2021-04-23 23:53:05 DEBUG puntos 48-3
2021-04-23 23:53:05 DEBUG 48 x
2021-04-23 23:53:05 DEBUG 3 y
2021-04-23 23:53:05 DEBUG puntos 43-158
2021-04-23 23:53:05 DEBUG 43 x
2021-04-23 23:53:05 DEBUG 158 y
2021-04-23 23:53:06 DEBUG puntos 45-226
2021-04-23 23:53:06 DEBUG 45 x
2021-04-23 23:53:06 DEBUG 226 y
2021-04-23 23:53:06 DEBUG puntos 15-210
2021-04-23 23:53:06 DEBUG 15 x
2021-04-23 23:53:06 DEBUG 210 y
2021-04-23 23:53:07 DEBUG puntos 10-186
2021-04-23 23:53:07 DEBUG 10 x
2021-04-23 23:53:07 DEBUG 186 y
2021-04-23 23:53:07 DEBUG puntos 0-292
2021-04-23 23:53:07 DEBUG 0 x
2021-04-23 23:53:07 DEBUG 292 y
2021-04-23 23:53:08 DEBUG puntos 10-316
2021-04-23 23:53:08 DEBUG 10 x
2021-04-23 23:53:08 DEBUG 316 y
2021-04-23 23:53:08 DEBUG puntos 17-304
2021-04-23 23:53:08 DEBUG 17 x
2021-04-23 23:53:08 DEBUG 304 y
2021-04-23 23:53:08 DEBUG puntos 18-273
2021-04-23 23:53:08 DEBUG 18 x
2021-04-23 23:53:08 DEBUG 273 y
2021-04-23 23:53:08 DEBUG puntos 24-298
2021-04-23 23:53:08 DEBUG 24 x
2021-04-23 23:53:08 DEBUG 298 y
2021-04-23 23:53:09 DEBUG puntos 39-353
2021-04-23 23:53:09 DEBUG 39 x
2021-04-23 23:53:09 DEBUG 353 y
2021-04-23 23:53:09 DEBUG puntos 40-366
2021-04-23 23:53:09 DEBUG 40 x
2021-04-23 23:53:09 DEBUG 366 y
2021-04-23 23:53:12 DEBUG puntos 371-281
2021-04-23 23:53:12 DEBUG 371 x
2021-04-23 23:53:12 DEBUG 281 y
2021-04-23 23:53:15 DEBUG puntos 149-140
2021-04-23 23:53:15 DEBUG 149 x
2021-04-23 23:53:15 DEBUG 140 y
2021-04-23 23:53:16 DEBUG puntos 239-323
2021-04-23 23:53:16 DEBUG 239 x
2021-04-23 23:53:16 DEBUG 323 y
2021-04-23 23:53:17 DEBUG puntos 212-330
2021-04-23 23:53:17 DEBUG 212 x
2021-04-23 23:53:17 DEBUG 330 y
2021-04-23 23:53:18 DEBUG puntos 191-302
2021-04-23 23:53:18 DEBUG 191 x
2021-04-23 23:53:18 DEBUG 302 y
2021-04-23 23:53:20 DEBUG puntos 348-152
2021-04-23 23:53:20 DEBUG 348 x
2021-04-23 23:53:20 DEBUG 152 y
2021-04-23 23:53:20 DEBUG puntos 340-156
2021-04-23 23:53:20 DEBUG 340 x
2021-04-23 23:53:20 DEBUG 156 y
2021-04-23 23:53:32 DEBUG puntos 307-198
2021-04-23 23:53:32 DEBUG 307 x
2021-04-23 23:53:32 DEBUG 198 y
2021-04-23 23:53:36 DEBUG puntos 315-203
2021-04-23 23:53:36 DEBUG 315 x
2021-04-23 23:53:36 DEBUG 203 y
2021-04-23 23:53:37 DEBUG puntos 317-190
2021-04-23 23:53:37 DEBUG 317 x
2021-04-23 23:53:37 DEBUG 190 y
2021-04-23 23:53:37 DEBUG puntos 322-199
2021-04-23 23:53:37 DEBUG 322 x
2021-04-23 23:53:37 DEBUG 199 y
2021-04-23 23:53:39 DEBUG puntos 203-214
2021-04-23 23:53:39 DEBUG 203 x
2021-04-23 23:53:39 DEBUG 214 y
2021-04-23 23:53:39 DEBUG puntos 201-206
2021-04-23 23:53:39 DEBUG 201 x
2021-04-23 23:53:39 DEBUG 206 y
2021-04-23 23:53:48 DEBUG puntos 71-268
2021-04-23 23:53:48 DEBUG 71 x
2021-04-23 23:53:48 DEBUG 268 y
2021-04-23 23:53:49 DEBUG puntos 64-264
2021-04-23 23:53:49 DEBUG 64 x
2021-04-23 23:53:49 DEBUG 264 y
